<?xml version="1.0" encoding="UTF-8"?>
<!-- Generated by org.testng.reporters.JUnitXMLReporter -->
<testsuite ignored="0" hostname="Gokul-F6GAVSE8" failures="0" tests="16" name="Batch" time="0.092" errors="0" timestamp="2023-08-06T11:05:02 IST">
  <testcase classname="TestNg.TNG_0806_04_Group4" name="m" time="0.011"/>
  <testcase classname="TestNg.TNG_0806_04_Group4" name="n" time="0.001"/>
  <testcase classname="TestNg.TNG_0806_04_Group4" name="o" time="0.002"/>
  <testcase classname="TestNg.TNG_0806_04_Group4" name="p" time="0.002"/>
  <testcase classname="TestNg.TNG_0806_02_Group2" name="e" time="0.001"/>
  <testcase classname="TestNg.TNG_0806_02_Group2" name="f" time="0.001"/>
  <testcase classname="TestNg.TNG_0806_02_Group2" name="g" time="0.001"/>
  <testcase classname="TestNg.TNG_0806_02_Group2" name="h" time="0.002"/>
  <testcase classname="TestNg.TNG_0806_03_Group3" name="i" time="0.0"/>
  <testcase classname="TestNg.TNG_0806_03_Group3" name="j" time="0.002"/>
  <testcase classname="TestNg.TNG_0806_03_Group3" name="k" time="0.001"/>
  <testcase classname="TestNg.TNG_0806_03_Group3" name="l" time="0.002"/>
  <testcase classname="TestNg.TNG_0806_01_Group1" name="a" time="0.001"/>
  <testcase classname="TestNg.TNG_0806_01_Group1" name="b" time="0.001"/>
  <testcase classname="TestNg.TNG_0806_01_Group1" name="c" time="0.001"/>
  <testcase classname="TestNg.TNG_0806_01_Group1" name="d" time="0.001"/>
</testsuite> <!-- Batch -->
