<?xml version="1.0" encoding="UTF-8"?>
<!-- Generated by org.testng.reporters.JUnitXMLReporter -->
<testsuite ignored="6" hostname="Gokul-F6GAVSE8" failures="0" tests="10" name="Test" time="0.115" errors="0" timestamp="2023-08-07T11:56:45 IST">
  <testcase classname="TestNg.TNG_0806_01_Group1" name="b" time="0.015"/>
  <testcase classname="TestNg.TNG_0806_01_Group1" name="c" time="0.002"/>
  <testcase classname="TestNg.TNG_0806_02_Group2" name="e" time="0.001"/>
  <testcase classname="TestNg.TNG_0806_02_Group2" name="g" time="0.002"/>
  <testcase classname="TestNg.TNG_0806_03_Group3" name="i" time="0.002"/>
  <testcase classname="TestNg.TNG_0806_03_Group3" name="j" time="0.002"/>
  <testcase classname="TestNg.TNG_0806_03_Group3" name="l" time="0.001"/>
  <testcase classname="TestNg.TNG_0806_04_Group4" name="m" time="0.002"/>
  <testcase classname="TestNg.TNG_0806_04_Group4" name="n" time="0.001"/>
  <testcase classname="TestNg.TNG_0806_04_Group4" name="o" time="0.002"/>
  <testcase classname="TestNg.TNG_0806_03_Group3" name="k" time="0.0">
    <ignored/>
  </testcase> <!-- k -->
  <testcase classname="TestNg.TNG_0806_01_Group1" name="d" time="0.0">
    <ignored/>
  </testcase> <!-- d -->
  <testcase classname="TestNg.TNG_0806_02_Group2" name="h" time="0.0">
    <ignored/>
  </testcase> <!-- h -->
  <testcase classname="TestNg.TNG_0806_04_Group4" name="p" time="0.0">
    <ignored/>
  </testcase> <!-- p -->
  <testcase classname="TestNg.TNG_0806_02_Group2" name="f" time="0.0">
    <ignored/>
  </testcase> <!-- f -->
  <testcase classname="TestNg.TNG_0806_01_Group1" name="a" time="0.0">
    <ignored/>
  </testcase> <!-- a -->
</testsuite> <!-- Test -->
